<?xml version="1.0" encoding="UTF-8"?>
<!-- Generated by org.testng.reporters.JUnitReportReporter -->
<testsuite hostname="svt-laptop-72" failures="0" tests="2" name="com.example.TestRunner.TestngTestRunnerTest" time="53.533" errors="0" timestamp="2023-06-05T14:33:51 IST" skipped="0">
  <testcase classname="com.example.TestRunner.TestngTestRunnerTest" name="runScenario" time="14.694"/>
  <system-out/>
  <testcase classname="com.example.TestRunner.TestngTestRunnerTest" name="runScenario" time="38.839"/>
  <system-out/>
</testsuite> <!-- com.example.TestRunner.TestngTestRunnerTest -->
